#
# A fatal error has been detected by the Java Runtime Environment:
#
#  EXCEPTION_ACCESS_VIOLATION (0xc0000005) at pc=0x0000000064c17675, pid=10200, tid=3372
#
# JRE version: Java(TM) SE Runtime Environment (8.0_11-b12) (build 1.8.0_11-b12)
# Java VM: Java HotSpot(TM) 64-Bit Server VM (25.11-b03 mixed mode windows-amd64 compressed oops)
# Problematic frame:
# V  [jvm.dll+0x117675]
#
# Failed to write core dump. Minidumps are not enabled by default on client versions of Windows
#
# If you would like to submit a bug report, please visit:
#   http://bugreport.sun.com/bugreport/crash.jsp
#

---------------  T H R E A D  ---------------

Current thread (0x0000000019510800):  JavaThread "JDWP Transport Listener: dt_socket" daemon [_thread_in_vm, id=3372, stack(0x0000000019a80000,0x0000000019b80000)]

siginfo: ExceptionCode=0xc0000005, reading address 0x00003b656c626172

Registers:
RAX=0x0000000019b7f601, RBX=0x0000000019510800, RCX=0x00003b656c626172, RDX=0x0000000000000000
RSP=0x0000000019b7f680, RBP=0x00003b656c626172, RSI=0x0000000019b7f798, RDI=0x00000000023e8630
R8 =0x0000000019510800, R9 =0x0000000000008000, R10=0x0000000000000000, R11=0x0000000019b7f998
R12=0x0000000000000000, R13=0x0000000019511228, R14=0x0000000000000000, R15=0x0000000000000000
RIP=0x0000000064c17675, EFLAGS=0x0000000000010206

Top of Stack: (sp=0x0000000019b7f680)
0x0000000019b7f680:   0000000019510800 0000000019510800
0x0000000019b7f690:   0000000019b7f748 0000000064e0a12b
0x0000000019b7f6a0:   0000000019510800 0000000064e2698d
0x0000000019b7f6b0:   0000000000000000 00000000670c9149
0x0000000019b7f6c0:   000000001950e7b8 00000000670d2912
0x0000000019b7f6d0:   0000000019510800 0000000000000000
0x0000000019b7f6e0:   0000000000000000 0000000000000000
0x0000000019b7f6f0:   00003b656c626172 00000000670d1a09
0x0000000019b7f700:   0000000019b7f798 0000000019b7f770
0x0000000019b7f710:   0000000000000001 000000001950e7b8
0x0000000019b7f720:   00003b656c626172 00000000670b53b3
0x0000000019b7f730:   0000000019b7f860 0000000000000001
0x0000000019b7f740:   0000000000000001 000000001950e7b8
0x0000000019b7f750:   0000000000000009 0000000000000000
0x0000000019b7f760:   0000000000000000 0000000000000000
0x0000000019b7f770:   0000000000000001 00000000670b5571 

Instructions: (pc=0x0000000064c17675)
0x0000000064c17655:   cc cc cc cc cc cc cc cc cc cc cc 48 83 ec 28 48
0x0000000064c17665:   85 c9 75 07 33 c0 48 83 c4 28 c3 48 89 5c 24 20
0x0000000064c17675:   48 8b 19 48 85 db 74 20 48 83 fb 37 74 1a 48 8b
0x0000000064c17685:   13 48 8b cb ff 52 08 84 c0 74 0d 48 8b c3 48 8b 


Register to memory mapping:

RAX=0x0000000019b7f601 is pointing into the stack for thread: 0x0000000019510800
RBX=0x0000000019510800 is a thread
RCX=0x00003b656c626172 is an unknown value
RDX=0x0000000000000000 is an unknown value
RSP=0x0000000019b7f680 is pointing into the stack for thread: 0x0000000019510800
RBP=0x00003b656c626172 is an unknown value
RSI=0x0000000019b7f798 is pointing into the stack for thread: 0x0000000019510800
RDI=0x00000000023e8630 is an unknown value
R8 =0x0000000019510800 is a thread
R9 =0x0000000000008000 is an unknown value
R10=0x0000000000000000 is an unknown value
R11=0x0000000019b7f998 is pointing into the stack for thread: 0x0000000019510800
R12=0x0000000000000000 is an unknown value
R13=0x0000000019511228 is an unknown value
R14=0x0000000000000000 is an unknown value
R15=0x0000000000000000 is an unknown value


Stack: [0x0000000019a80000,0x0000000019b80000],  sp=0x0000000019b7f680,  free space=1021k
Native frames: (J=compiled Java code, j=interpreted, Vv=VM code, C=native code)
V  [jvm.dll+0x117675]
V  [jvm.dll+0x32698d]
C  [jdwp.dll+0x21a09]
C  [jdwp.dll+0x53b3]
C  [jdwp.dll+0x5571]
C  [jdwp.dll+0xf09c]
C  [jdwp.dll+0x1f2c9]
C  [jdwp.dll+0x1f49e]
V  [jvm.dll+0x1a73a8]
V  [jvm.dll+0x2234b4]
V  [jvm.dll+0x27bcca]
C  [msvcr100.dll+0x21d9f]
C  [msvcr100.dll+0x21e3b]
C  [KERNEL32.DLL+0x13d2]
C  [ntdll.dll+0x6e954]


---------------  P R O C E S S  ---------------

Java Threads: ( => current thread )
  0x00000000195b9800 JavaThread "Service Thread" daemon [_thread_blocked, id=5848, stack(0x000000001a180000,0x000000001a280000)]
  0x0000000019538800 JavaThread "C1 CompilerThread3" daemon [_thread_blocked, id=7816, stack(0x000000001a080000,0x000000001a180000)]
  0x0000000019535800 JavaThread "C2 CompilerThread2" daemon [_thread_blocked, id=7016, stack(0x0000000019f80000,0x000000001a080000)]
  0x0000000019535000 JavaThread "C2 CompilerThread1" daemon [_thread_blocked, id=2780, stack(0x0000000019e80000,0x0000000019f80000)]
  0x000000001952e800 JavaThread "C2 CompilerThread0" daemon [_thread_blocked, id=9804, stack(0x0000000019d80000,0x0000000019e80000)]
  0x0000000019520800 JavaThread "JDWP Command Reader" daemon [_thread_in_native, id=7716, stack(0x0000000019c80000,0x0000000019d80000)]
  0x000000001951d000 JavaThread "JDWP Event Helper Thread" daemon [_thread_blocked, id=5116, stack(0x0000000019b80000,0x0000000019c80000)]
=>0x0000000019510800 JavaThread "JDWP Transport Listener: dt_socket" daemon [_thread_in_vm, id=3372, stack(0x0000000019a80000,0x0000000019b80000)]
  0x0000000019507800 JavaThread "Attach Listener" daemon [_thread_blocked, id=7424, stack(0x0000000019980000,0x0000000019a80000)]
  0x0000000019506800 JavaThread "Signal Dispatcher" daemon [_thread_blocked, id=10220, stack(0x0000000019880000,0x0000000019980000)]
  0x00000000024e8800 JavaThread "Finalizer" daemon [_thread_blocked, id=1980, stack(0x0000000019380000,0x0000000019480000)]
  0x00000000174ac000 JavaThread "Reference Handler" daemon [_thread_blocked, id=5572, stack(0x0000000019280000,0x0000000019380000)]
  0x00000000023ee000 JavaThread "main" [_thread_blocked, id=4224, stack(0x00000000022e0000,0x00000000023e0000)]

Other Threads:
  0x00000000174a7800 VMThread [stack: 0x0000000019180000,0x0000000019280000] [id=1340]
  0x00000000195cd800 WatcherThread [stack: 0x000000001a280000,0x000000001a380000] [id=3392]

VM state:not at safepoint (normal execution)

VM Mutex/Monitor currently owned by a thread: None

Heap:
 PSYoungGen      total 1024K, used 747K [0x00000000d5c00000, 0x00000000d5d80000, 0x0000000100000000)
  eden space 512K, 50% used [0x00000000d5c00000,0x00000000d5c40d18,0x00000000d5c80000)
  from space 512K, 95% used [0x00000000d5c80000,0x00000000d5cfa030,0x00000000d5d00000)
  to   space 512K, 0% used [0x00000000d5d00000,0x00000000d5d00000,0x00000000d5d80000)
 ParOldGen       total 129536K, used 128K [0x0000000081400000, 0x0000000089280000, 0x00000000d5c00000)
  object space 129536K, 0% used [0x0000000081400000,0x0000000081420000,0x0000000089280000)
 Metaspace       used 2616K, capacity 4566K, committed 4864K, reserved 1056768K
  class space    used 276K, capacity 390K, committed 512K, reserved 1048576K

Card table byte_map: [0x00000000118b0000,0x0000000011cb0000] byte_map_base: 0x00000000114a6000

Marking Bits: (ParMarkBitMap*) 0x00000000652b12b0
 Begin Bits: [0x0000000012760000, 0x0000000014710000)
 End Bits:   [0x0000000014710000, 0x00000000166c0000)

Polling page: 0x0000000000650000

CodeCache: size=245760Kb used=1087Kb max_used=1087Kb free=244672Kb
 bounds [0x00000000024f0000, 0x0000000002760000, 0x00000000114f0000]
 total_blobs=240 nmethods=20 adapters=143
 compilation: enabled

Compilation events (10 events):
Event: 0.113 Thread 0x0000000019538800   17       3       java.io.WinNTFileSystem::isSlash (18 bytes)
Event: 0.113 Thread 0x0000000019538800 nmethod 17 0x00000000025fb910 code [0x00000000025fba60, 0x00000000025fbc50]
Event: 0.113 Thread 0x0000000019538800   15       3       java.lang.String::<init> (62 bytes)
Event: 0.114 Thread 0x0000000019538800 nmethod 15 0x00000000025fb010 code [0x00000000025fb1e0, 0x00000000025fb658]
Event: 0.115 Thread 0x0000000019538800   18       3       java.lang.Math::min (11 bytes)
Event: 0.115 Thread 0x0000000019538800 nmethod 18 0x00000000025facd0 code [0x00000000025fae20, 0x00000000025fafb0]
Event: 0.116 Thread 0x0000000019538800   19       3       java.lang.String::indexOf (70 bytes)
Event: 0.117 Thread 0x0000000019538800 nmethod 19 0x00000000025ff550 code [0x00000000025ff6e0, 0x00000000025ffa88]
Event: 7357.995 Thread 0x0000000019538800   20       3       java.lang.System::getSecurityManager (4 bytes)
Event: 7357.995 Thread 0x0000000019538800 nmethod 20 0x00000000025ffbd0 code [0x00000000025ffd20, 0x00000000025ffe50]

GC Heap History (2 events):
Event: 0.055 GC heap before
{Heap before GC invocations=1 (full 0):
 PSYoungGen      total 1024K, used 508K [0x00000000d5c00000, 0x00000000d5d80000, 0x0000000100000000)
  eden space 512K, 99% used [0x00000000d5c00000,0x00000000d5c7f350,0x00000000d5c80000)
  from space 512K, 0% used [0x00000000d5d00000,0x00000000d5d00000,0x00000000d5d80000)
  to   space 512K, 0% used [0x00000000d5c80000,0x00000000d5c80000,0x00000000d5d00000)
 ParOldGen       total 129536K, used 0K [0x0000000081400000, 0x0000000089280000, 0x00000000d5c00000)
  object space 129536K, 0% used [0x0000000081400000,0x0000000081400000,0x0000000089280000)
 Metaspace       used 1857K, capacity 4480K, committed 4480K, reserved 1056768K
  class space    used 204K, capacity 384K, committed 384K, reserved 1048576K
Event: 0.056 GC heap after
Heap after GC invocations=1 (full 0):
 PSYoungGen      total 1024K, used 488K [0x00000000d5c00000, 0x00000000d5d80000, 0x0000000100000000)
  eden space 512K, 0% used [0x00000000d5c00000,0x00000000d5c00000,0x00000000d5c80000)
  from space 512K, 95% used [0x00000000d5c80000,0x00000000d5cfa030,0x00000000d5d00000)
  to   space 512K, 0% used [0x00000000d5d00000,0x00000000d5d00000,0x00000000d5d80000)
 ParOldGen       total 129536K, used 128K [0x0000000081400000, 0x0000000089280000, 0x00000000d5c00000)
  object space 129536K, 0% used [0x0000000081400000,0x0000000081420000,0x0000000089280000)
 Metaspace       used 1857K, capacity 4480K, committed 4480K, reserved 1056768K
  class space    used 204K, capacity 384K, committed 384K, reserved 1048576K
}

Deoptimization events (0 events):
No events

Internal exceptions (4 events):
Event: 0.028 Thread 0x00000000023ee000 Exception <a 'java/lang/NoSuchMethodError': Method sun.misc.Unsafe.defineClass(Ljava/lang/String;[BII)Ljava/lang/Class; name or signature does not match> (0x00000000d5c14868) thrown at [C:\re\workspace\8-2-build-windows-amd64-cygwin\jdk8u11\648\hotspot\srcˆ@í¢œ?
Event: 0.028 Thread 0x00000000023ee000 Exception <a 'java/lang/NoSuchMethodError': Method sun.misc.Unsafe.prefetchRead(Ljava/lang/Object;J)V name or signature does not match> (0x00000000d5c14af8) thrown at [C:\re\workspace\8-2-build-windows-amd64-cygwin\jdk8u11\648\hotspot\src\share\vm\prims\jn=òè\ð$½?
Event: 0.114 Thread 0x00000000023ee000 Exception <a 'java/security/PrivilegedActionException'> (0x00000000d5c345e8) thrown at [C:\re\workspace\8-2-build-windows-amd64-cygwin\jdk8u11\648\hotspot\src\share\vm\prims\jvm.cpp, line 1248]
Event: 0.122 Thread 0x00000000023ee000 Exception <a 'java/security/PrivilegedActionException'> (0x00000000d5c3b848) thrown at [C:\re\workspace\8-2-build-windows-amd64-cygwin\jdk8u11\648\hotspot\src\share\vm\prims\jvm.cpp, line 1248]

Events (10 events):
Event: 3689.060 Executing VM operation: RedefineClasses
Event: 3689.061 Executing VM operation: RedefineClasses done
Event: 3689.064 Executing VM operation: ChangeBreakpoints
Event: 3689.064 Executing VM operation: ChangeBreakpoints done
Event: 6891.447 Executing VM operation: RedefineClasses
Event: 6891.447 Executing VM operation: RedefineClasses done
Event: 6891.450 Executing VM operation: ChangeBreakpoints
Event: 6891.450 Executing VM operation: ChangeBreakpoints done
Event: 7357.998 Executing VM operation: RedefineClasses
Event: 7357.998 Executing VM operation: RedefineClasses done


Dynamic libraries:
0x00007ff7ac960000 - 0x00007ff7ac994000 	C:\Program Files\Java\jdk1.8.0_11\bin\javaw.exe
0x00007fff3f2d0000 - 0x00007fff3f47c000 	C:\windows\SYSTEM32\ntdll.dll
0x00007fff3ccd0000 - 0x00007fff3ce0e000 	C:\windows\system32\KERNEL32.DLL
0x00007fff3c450000 - 0x00007fff3c565000 	C:\windows\system32\KERNELBASE.dll
0x00007fff3ac30000 - 0x00007fff3acbe000 	C:\windows\system32\apphelp.dll
0x00007fff20960000 - 0x00007fff209b3000 	C:\windows\AppPatch\AppPatch64\AcGenral.DLL
0x00007fff3d6f0000 - 0x00007fff3d79a000 	C:\windows\system32\msvcrt.dll
0x00007fff3be40000 - 0x00007fff3be6e000 	C:\windows\SYSTEM32\SspiCli.dll
0x00007fff3cad0000 - 0x00007fff3cb24000 	C:\windows\system32\SHLWAPI.dll
0x00007fff3c720000 - 0x00007fff3c897000 	C:\windows\system32\USER32.dll
0x00007fff3ee90000 - 0x00007fff3f024000 	C:\windows\system32\ole32.dll
0x00007fff3d8f0000 - 0x00007fff3ee08000 	C:\windows\system32\SHELL32.dll
0x00007fff3b5d0000 - 0x00007fff3b5f1000 	C:\windows\SYSTEM32\USERENV.dll
0x00007fff3ce80000 - 0x00007fff3cf2a000 	C:\windows\system32\ADVAPI32.dll
0x00007fff306e0000 - 0x00007fff306fe000 	C:\windows\SYSTEM32\MPR.dll
0x00007fff3d7a0000 - 0x00007fff3d8e1000 	C:\windows\system32\RPCRT4.dll
0x00007fff3ce10000 - 0x00007fff3ce69000 	C:\windows\SYSTEM32\sechost.dll
0x00007fff3f030000 - 0x00007fff3f241000 	C:\windows\SYSTEM32\combase.dll
0x00007fff3c8a0000 - 0x00007fff3c9f1000 	C:\windows\system32\GDI32.dll
0x00007fff3c030000 - 0x00007fff3c045000 	C:\windows\SYSTEM32\profapi.dll
0x00007fff3ab70000 - 0x00007fff3ac22000 	C:\windows\SYSTEM32\SHCORE.dll
0x00007fff3d410000 - 0x00007fff3d446000 	C:\windows\system32\IMM32.DLL
0x00007fff3d110000 - 0x00007fff3d262000 	C:\windows\system32\MSCTF.dll
0x00007fff3a130000 - 0x00007fff3a3ab000 	C:\windows\WinSxS\amd64_microsoft.windows.common-controls_6595b64144ccf1df_6.0.9600.17415_none_6240486fecbd8abb\COMCTL32.dll
0x00000000663f0000 - 0x00000000664c2000 	C:\Program Files\Java\jdk1.8.0_11\jre\bin\msvcr100.dll
0x0000000064b00000 - 0x000000006532a000 	C:\Program Files\Java\jdk1.8.0_11\jre\bin\server\jvm.dll
0x00007fff30bf0000 - 0x00007fff30bf9000 	C:\windows\SYSTEM32\WSOCK32.dll
0x00007fff3c620000 - 0x00007fff3c642000 	C:\windows\system32\WINMM.dll
0x00007fff3ce70000 - 0x00007fff3ce77000 	C:\windows\system32\PSAPI.DLL
0x00007fff3d270000 - 0x00007fff3d2ca000 	C:\windows\system32\WS2_32.dll
0x00007fff3c130000 - 0x00007fff3c15a000 	C:\windows\system32\WINMMBASE.dll
0x00007fff3ee10000 - 0x00007fff3ee19000 	C:\windows\system32\NSI.dll
0x00007fff3c5c0000 - 0x00007fff3c60f000 	C:\windows\SYSTEM32\cfgmgr32.dll
0x00007fff3c0e0000 - 0x00007fff3c108000 	C:\windows\system32\DEVOBJ.dll
0x00000000684a0000 - 0x00000000684af000 	C:\Program Files\Java\jdk1.8.0_11\jre\bin\verify.dll
0x00000000670f0000 - 0x0000000067118000 	C:\Program Files\Java\jdk1.8.0_11\jre\bin\java.dll
0x00000000670b0000 - 0x00000000670e5000 	C:\Program Files\Java\jdk1.8.0_11\jre\bin\jdwp.dll
0x0000000067860000 - 0x0000000067868000 	C:\Program Files\Java\jdk1.8.0_11\jre\bin\npt.dll
0x0000000067090000 - 0x00000000670a6000 	C:\Program Files\Java\jdk1.8.0_11\jre\bin\zip.dll
0x0000000067850000 - 0x0000000067859000 	C:\Program Files\Java\jdk1.8.0_11\jre\bin\dt_socket.dll
0x00007fff28d20000 - 0x00007fff28d35000 	C:\windows\system32\napinsp.dll
0x00007fff28d40000 - 0x00007fff28d5a000 	C:\windows\system32\pnrpnsp.dll
0x00007fff357c0000 - 0x00007fff357db000 	C:\windows\system32\NLAapi.dll
0x00007fff3b840000 - 0x00007fff3b899000 	C:\windows\System32\mswsock.dll
0x00007fff3b640000 - 0x00007fff3b6e4000 	C:\windows\SYSTEM32\DNSAPI.dll
0x00007fff28d60000 - 0x00007fff28d6d000 	C:\windows\System32\winrnr.dll
0x00007fff28d70000 - 0x00007fff28d84000 	C:\windows\system32\wshbth.dll
0x00007fff34000000 - 0x00007fff3406b000 	C:\windows\System32\fwpuclnt.dll
0x00007fff2ac70000 - 0x00007fff2ac7a000 	C:\Windows\System32\rasadhlp.dll
0x00007fff357e0000 - 0x00007fff3596a000 	C:\windows\SYSTEM32\dbghelp.dll

VM Arguments:
jvm_args: -agentlib:jdwp=transport=dt_socket,suspend=y,address=localhost:10643 -Dfile.encoding=GBK 
java_command: test ./data/university.data ./data/averageincome.data ./data/educationrate.data ./data/malefemale.data ./data/uneducatedpeople.data
java_class_path (initial): D:\work and study\JAVA workspace\Cloud Computing\bin
Launcher Type: SUN_STANDARD

Environment Variables:
JAVA_HOME=C:\Program Files\Java\jdk1.8.0_11
CLASSPATH=C:\Program Files\Java\jdk1.8.0_11\lib
PATH=C:\Program Files\Java\jdk1.8.0_11\jre\bin;C:\Program Files (x86)\NVIDIA Corporation\PhysX\Common;C:\windows\system32;C:\windows;C:\windows\System32\Wbem;C:\windows\System32\WindowsPowerShell\v1.0\;C:\Program Files\Java\jdk1.8.0_11\bin;C:\Program Files (x86)\PharosSystems\Core;D:\Applications\Calibre2\;D:\Applications\MatLab\runtime\win64;D:\Applications\MatLab\bin;C:\Program Files\Microsoft SQL Server\110\Tools\Binn\;C:\Program Files (x86)\Microsoft SQL Server\110\Tools\Binn\;C:\Program Files\Microsoft SQL Server\110\DTS\Binn\;C:\Program Files (x86)\Microsoft SQL Server\110\Tools\Binn\ManagementStudio\;C:\Program Files (x86)\Microsoft Visual Studio 10.0\Common7\IDE\PrivateAssemblies\;C:\Program Files (x86)\Microsoft SQL Server\110\DTS\Binn\;D:\Applications\Maven\apache-maven-3.3.1-bin\apache-maven-3.3.1\bin
USERNAME=´ïÂ×
OS=Windows_NT
PROCESSOR_IDENTIFIER=Intel64 Family 6 Model 60 Stepping 3, GenuineIntel



---------------  S Y S T E M  ---------------

OS: Windows 8.1 , 64 bit Build 9600 

CPU:total 8 (4 cores per cpu, 2 threads per core) family 6 model 60 stepping 3, cmov, cx8, fxsr, mmx, sse, sse2, sse3, ssse3, sse4.1, sse4.2, popcnt, avx, avx2, aes, clmul, erms, ht, tsc, tscinvbit

Memory: 4k page, physical 8298776k(4704064k free), swap 9527576k(4427908k free)

vm_info: Java HotSpot(TM) 64-Bit Server VM (25.11-b03) for windows-amd64 JRE (1.8.0_11-b12), built on Jun 16 2014 20:57:32 by "java_re" with MS VC++ 10.0 (VS2010)

time: Tue Apr 14 12:03:41 2015
elapsed time: 7358 seconds

